        -:    0:Source:../src/pilisp.c
        -:    0:Graph:build/src/src@@pilisp@sha/pilisp.c.gcno
        -:    0:Data:build/src/src@@pilisp@sha/pilisp.c.gcda
        -:    0:Runs:7
        -:    0:Programs:1
        -:    1:/*EOF*/
        -:    2:/*EOF*/
        1:    3:/*EOF*/
        1:    4:/*EOF*/
        -:    5:/*EOF*/
        -:    6:/*EOF*/
        6:    7:/*EOF*/
        -:    8:/*EOF*/
        -:    9:/*EOF*/
        -:   10:/*EOF*/
        6:   11:/*EOF*/
    #####:   12:/*EOF*/
        -:   13:/*EOF*/
        6:   14:/*EOF*/
        -:   15:/*EOF*/
        6:   16:/*EOF*/
        -:   17:/*EOF*/
        -:   18:/*EOF*/
        1:   19:/*EOF*/
        1:   20:/*EOF*/
        1:   21:/*EOF*/
