        -:    0:Source:../src/pilisp.c
        -:    0:Graph:build/src/src@@pilisp@sha/pilisp.c.gcno
        -:    0:Data:build/src/src@@pilisp@sha/pilisp.c.gcda
        -:    0:Runs:3
        -:    0:Programs:1
        -:    1:/*EOF*/
        -:    2:/*EOF*/
    #####:    3:/*EOF*/
    #####:    4:/*EOF*/
        -:    5:/*EOF*/
        -:    6:/*EOF*/
        3:    7:/*EOF*/
        -:    8:/*EOF*/
        -:    9:/*EOF*/
        -:   10:/*EOF*/
        3:   11:/*EOF*/
    #####:   12:/*EOF*/
        -:   13:/*EOF*/
        3:   14:/*EOF*/
        -:   15:/*EOF*/
        3:   16:/*EOF*/
        -:   17:/*EOF*/
        -:   18:/*EOF*/
    #####:   19:/*EOF*/
    #####:   20:/*EOF*/
    #####:   21:/*EOF*/
